<?xml version="1.0" encoding="UTF-8"?>
<!-- Generated by org.testng.reporters.JUnitReportReporter -->
<testsuite hostname="EB845_G10" failures="0" tests="2" name="testClasses.ConfigureTest" time="0.000" errors="0" timestamp="2024-08-17T16:37:03 ICT" skipped="2">
  <testcase classname="testClasses.ConfigureTest" name="config_SESWEB" time="0.000">
    <skipped/>
  </testcase> <!-- config_SESWEB -->
  <testcase classname="testClasses.ConfigureTest" name="config_IdP" time="0.000">
    <skipped/>
  </testcase> <!-- config_IdP -->
</testsuite> <!-- testClasses.ConfigureTest -->
